#
# There is insufficient memory for the Java Runtime Environment to continue.
# Native memory allocation (mmap) failed to map 132120576 bytes for G1 virtual space
# Possible reasons:
#   The system is out of physical RAM or swap space
#   The process is running with CompressedOops enabled, and the Java Heap may be blocking the growth of the native heap
# Possible solutions:
#   Reduce memory load on the system
#   Increase physical memory or swap space
#   Check if swap backing store is full
#   Decrease Java heap size (-Xmx/-Xms)
#   Decrease number of Java threads
#   Decrease Java thread stack sizes (-Xss)
#   Set larger code cache with -XX:ReservedCodeCacheSize=
#   JVM is running with Unscaled Compressed Oops mode in which the Java heap is
#     placed in the first 4GB address space. The Java Heap base address is the
#     maximum limit for the native heap growth. Please use -XX:HeapBaseMinAddress
#     to set the Java Heap base and to place the Java Heap above 4GB virtual address.
# This output file may be truncated or incomplete.
#
#  Out of Memory Error (os_windows.cpp:3600), pid=23320, tid=16412
#
# JRE version:  (21.0.2+13) (build )
# Java VM: Java HotSpot(TM) 64-Bit Server VM (21.0.2+13-LTS-58, mixed mode, sharing, tiered, compressed oops, compressed class ptrs, g1 gc, windows-amd64)
# No core dump will be written. Minidumps are not enabled by default on client versions of Windows
#

---------------  S U M M A R Y ------------

Command Line: -Dfile.encoding=UTF-8 --module-path=D:\Documents\CompLang\MyProjects\NetBeanProjects\bank management system\build\classes bank.management.system.SignupTwo

Host: Intel(R) Core(TM) i3-8100 CPU @ 3.60GHz, 4 cores, 7G,  Windows 11 , 64 bit Build 22621 (10.0.22621.3235)
Time: Mon Mar 18 16:55:36 2024 Central Daylight Time elapsed time: 0.046617 seconds (0d 0h 0m 0s)

---------------  T H R E A D  ---------------

Current thread (0x0000015fad719950):  JavaThread "Unknown thread" [_thread_in_vm, id=16412, stack(0x000000433fa00000,0x000000433fb00000) (1024K)]

Stack: [0x000000433fa00000,0x000000433fb00000]
Native frames: (J=compiled Java code, j=interpreted, Vv=VM code, C=native code)
V  [jvm.dll+0x6cade9]
V  [jvm.dll+0x8569c1]
V  [jvm.dll+0x858d2e]
V  [jvm.dll+0x859413]
V  [jvm.dll+0x280e56]
V  [jvm.dll+0x6c74d5]
V  [jvm.dll+0x6bbeca]
V  [jvm.dll+0x355bca]
V  [jvm.dll+0x35d816]
V  [jvm.dll+0x3ae67e]
V  [jvm.dll+0x3ae928]
V  [jvm.dll+0x3295dc]
V  [jvm.dll+0x32a16b]
V  [jvm.dll+0x81efa9]
V  [jvm.dll+0x3bba01]
V  [jvm.dll+0x807928]
V  [jvm.dll+0x44f50e]
V  [jvm.dll+0x450e11]
C  [jli.dll+0x52a3]
C  [ucrtbase.dll+0x29363]
C  [KERNEL32.DLL+0x1257d]
C  [ntdll.dll+0x5aa58]


---------------  P R O C E S S  ---------------

Threads class SMR info:
_java_thread_list=0x00007ffac617bb88, length=0, elements={
}

Java Threads: ( => current thread )
Total: 0

Other Threads:
  0x0000015fad76d850 WorkerThread "GC Thread#0"                     [id=22212, stack(0x000000433fb00000,0x000000433fc00000) (1024K)]
  0x0000015fad77e3a0 ConcurrentGCThread "G1 Main Marker"            [id=3352, stack(0x000000433fc00000,0x000000433fd00000) (1024K)]
  0x0000015fad77fd50 WorkerThread "G1 Conc#0"                       [id=24104, stack(0x000000433fd00000,0x000000433fe00000) (1024K)]

[error occurred during error reporting (printing all threads), id 0xc0000005, EXCEPTION_ACCESS_VIOLATION (0xc0000005) at pc=0x00007ffac58ec6a7]
VM state: not at safepoint (not fully initialized)

VM Mutex/Monitor currently owned by a thread:  ([mutex/lock_event])
[0x00007ffac61ece68] Heap_lock - owner thread: 0x0000015fad719950

Heap address: 0x0000000082a00000, size: 2006 MB, Compressed Oops mode: 32-bit

CDS archive(s) mapped at: [0x0000000000000000-0x0000000000000000-0x0000000000000000), size 0, SharedBaseAddress: 0x0000000800000000, ArchiveRelocationMode: 1.
Narrow klass base: 0x0000000000000000, Narrow klass shift: 0, Narrow klass range: 0x0

GC Precious Log:
 CardTable entry size: 512
 Card Set container configuration: InlinePtr #cards 5 size 8 Array Of Cards #cards 12 size 40 Howl #buckets 4 coarsen threshold 1843 Howl Bitmap #cards 512 size 80 coarsen threshold 460 Card regions per heap region 1 cards per card region 2048

Heap:
 garbage-first heap   total 0K, used 0K [0x0000000082a00000, 0x0000000100000000)
  region size 1024K, 0 young (0K), 0 survivors (0K)

[error occurred during error reporting (printing heap information), id 0xc0000005, EXCEPTION_ACCESS_VIOLATION (0xc0000005) at pc=0x00007ffac5cd39f9]
GC Heap History (0 events):
No events

Dll operation events (1 events):
Event: 0.016 Loaded shared library D:\Documents\CompLang\Java\JDK\bin\java.dll

Deoptimization events (0 events):
No events

Classes loaded (0 events):
No events

Classes unloaded (0 events):
No events

Classes redefined (0 events):
No events

Internal exceptions (0 events):
No events

ZGC Phase Switch (0 events):
No events

VM Operations (0 events):
No events

Events (0 events):
No events


Dynamic libraries:
0x00007ff6f9430000 - 0x00007ff6f9440000 	D:\Documents\CompLang\Java\JDK\bin\java.exe
0x00007ffb0fdd0000 - 0x00007ffb0ffe6000 	C:\WINDOWS\SYSTEM32\ntdll.dll
0x00007ffb0eb20000 - 0x00007ffb0ebe4000 	C:\WINDOWS\System32\KERNEL32.DLL
0x00007ffb0d3c0000 - 0x00007ffb0d766000 	C:\WINDOWS\System32\KERNELBASE.dll
0x00007ffb0d2a0000 - 0x00007ffb0d3b1000 	C:\WINDOWS\System32\ucrtbase.dll
0x00007ffb022a0000 - 0x00007ffb022b9000 	D:\Documents\CompLang\Java\JDK\bin\jli.dll
0x00007ffb0f6c0000 - 0x00007ffb0f772000 	C:\WINDOWS\System32\ADVAPI32.dll
0x00007ffb0e0e0000 - 0x00007ffb0e187000 	C:\WINDOWS\System32\msvcrt.dll
0x00007ffb0f880000 - 0x00007ffb0f928000 	C:\WINDOWS\System32\sechost.dll
0x00007ffb0da70000 - 0x00007ffb0da98000 	C:\WINDOWS\System32\bcrypt.dll
0x00007ffb0e350000 - 0x00007ffb0e465000 	C:\WINDOWS\System32\RPCRT4.dll
0x00007ffaeac90000 - 0x00007ffaeacab000 	D:\Documents\CompLang\Java\JDK\bin\VCRUNTIME140.dll
0x00007ffb0e480000 - 0x00007ffb0e62d000 	C:\WINDOWS\System32\USER32.dll
0x00007ffb0d770000 - 0x00007ffb0d796000 	C:\WINDOWS\System32\win32u.dll
0x00007ffb0f930000 - 0x00007ffb0f959000 	C:\WINDOWS\System32\GDI32.dll
0x00007ffb0d180000 - 0x00007ffb0d298000 	C:\WINDOWS\System32\gdi32full.dll
0x00007ffb0d860000 - 0x00007ffb0d8fa000 	C:\WINDOWS\System32\msvcp_win.dll
0x00007ffaed630000 - 0x00007ffaed8c3000 	C:\WINDOWS\WinSxS\amd64_microsoft.windows.common-controls_6595b64144ccf1df_6.0.22621.3235_none_270f74e173860f98\COMCTL32.dll
0x00007ffb058a0000 - 0x00007ffb058aa000 	C:\WINDOWS\SYSTEM32\VERSION.dll
0x00007ffb0e0a0000 - 0x00007ffb0e0d1000 	C:\WINDOWS\System32\IMM32.DLL
0x00007ffaeb6c0000 - 0x00007ffaeb6cc000 	D:\Documents\CompLang\Java\JDK\bin\vcruntime140_1.dll
0x00007ffae4c00000 - 0x00007ffae4c8e000 	D:\Documents\CompLang\Java\JDK\bin\msvcp140.dll
0x00007ffac55b0000 - 0x00007ffac62c7000 	D:\Documents\CompLang\Java\JDK\bin\server\jvm.dll
0x00007ffb0dc30000 - 0x00007ffb0dca1000 	C:\WINDOWS\System32\WS2_32.dll
0x00007ffaf0b60000 - 0x00007ffaf0b94000 	C:\WINDOWS\SYSTEM32\WINMM.dll
0x00007ffb0c920000 - 0x00007ffb0c96d000 	C:\WINDOWS\SYSTEM32\POWRPROF.dll
0x00007ffb0c8a0000 - 0x00007ffb0c8b3000 	C:\WINDOWS\SYSTEM32\UMPDC.dll
0x00007ffb0c150000 - 0x00007ffb0c168000 	C:\WINDOWS\SYSTEM32\kernel.appcore.dll
0x00007ffaeb130000 - 0x00007ffaeb13a000 	D:\Documents\CompLang\Java\JDK\bin\jimage.dll
0x00007ffaecc20000 - 0x00007ffaece53000 	C:\WINDOWS\SYSTEM32\DBGHELP.DLL
0x00007ffb0dcb0000 - 0x00007ffb0e038000 	C:\WINDOWS\System32\combase.dll
0x00007ffb0ecc0000 - 0x00007ffb0ed97000 	C:\WINDOWS\System32\OLEAUT32.dll
0x00007ffaec8a0000 - 0x00007ffaec8d2000 	C:\WINDOWS\SYSTEM32\dbgcore.DLL
0x00007ffb0daa0000 - 0x00007ffb0db1a000 	C:\WINDOWS\System32\bcryptPrimitives.dll
0x00007ffaeac30000 - 0x00007ffaeac4f000 	D:\Documents\CompLang\Java\JDK\bin\java.dll

dbghelp: loaded successfully - version: 4.0.5 - missing functions: none
symbol engine: initialized successfully - sym options: 0x614 - pdb path: .;D:\Documents\CompLang\Java\JDK\bin;C:\WINDOWS\SYSTEM32;C:\WINDOWS\WinSxS\amd64_microsoft.windows.common-controls_6595b64144ccf1df_6.0.22621.3235_none_270f74e173860f98;D:\Documents\CompLang\Java\JDK\bin\server

VM Arguments:
jvm_args: -Dfile.encoding=UTF-8 --module-path=D:\Documents\CompLang\MyProjects\NetBeanProjects\bank management system\build\classes 
java_command: bank.management.system.SignupTwo
java_class_path (initial): D:\Documents\CompLang\Java\JCalender\lib\jcalendar-1.4.jar;D:\Documents\CompLang\Java\sqlConnector\mysql-connector-j-8.3.0\mysql-connector-j-8.3.0.jar;D:\Documents\CompLang\MyProjects\NetBeanProjects\bank management system\build\classes
Launcher Type: SUN_STANDARD

[Global flags]
     intx CICompilerCount                          = 3                                         {product} {ergonomic}
     uint ConcGCThreads                            = 1                                         {product} {ergonomic}
     uint G1ConcRefinementThreads                  = 4                                         {product} {ergonomic}
   size_t G1HeapRegionSize                         = 1048576                                   {product} {ergonomic}
    uintx GCDrainStackTargetSize                   = 64                                        {product} {ergonomic}
   size_t InitialHeapSize                          = 132120576                                 {product} {ergonomic}
   size_t MarkStackSize                            = 4194304                                   {product} {ergonomic}
   size_t MaxHeapSize                              = 2103443456                                {product} {ergonomic}
   size_t MinHeapDeltaBytes                        = 1048576                                   {product} {ergonomic}
   size_t MinHeapSize                              = 8388608                                   {product} {ergonomic}
    uintx NonNMethodCodeHeapSize                   = 5832780                                {pd product} {ergonomic}
    uintx NonProfiledCodeHeapSize                  = 122912730                              {pd product} {ergonomic}
    uintx ProfiledCodeHeapSize                     = 122912730                              {pd product} {ergonomic}
    uintx ReservedCodeCacheSize                    = 251658240                              {pd product} {ergonomic}
     bool SegmentedCodeCache                       = true                                      {product} {ergonomic}
   size_t SoftMaxHeapSize                          = 2103443456                             {manageable} {ergonomic}
     bool UseCompressedOops                        = true                           {product lp64_product} {ergonomic}
     bool UseG1GC                                  = true                                      {product} {ergonomic}
     bool UseLargePagesIndividualAllocation        = false                                  {pd product} {ergonomic}

Logging:
Log output configuration:
 #0: stdout all=warning uptime,level,tags foldmultilines=false
 #1: stderr all=off uptime,level,tags foldmultilines=false

Environment Variables:
PATH=C:\Program Files\Common Files\Oracle\Java\javapath;C:\WINDOWS\system32;C:\WINDOWS;C:\WINDOWS\System32\Wbem;C:\WINDOWS\System32\WindowsPowerShell\v1.0\;C:\WINDOWS\System32\OpenSSH\;D:\Program Files\Git\Git\cmd;D:\Documents\CompLang\NodeJS\;C:\Program Files\MySQL\MySQL Shell 8.0\bin\;C:\Users\ibaba\AppData\Local\Microsoft\WindowsApps;;C:\Users\ibaba\AppData\Local\Programs\Microsoft VS Code\bin;C:\Users\ibaba\AppData\Roaming\npm
USERNAME=ibaba
OS=Windows_NT
PROCESSOR_IDENTIFIER=Intel64 Family 6 Model 158 Stepping 11, GenuineIntel
TMP=C:\Users\ibaba\AppData\Local\Temp
TEMP=C:\Users\ibaba\AppData\Local\Temp




Periodic native trim disabled

---------------  S Y S T E M  ---------------

OS:
 Windows 11 , 64 bit Build 22621 (10.0.22621.3235)
OS uptime: 4 days 17:35 hours

CPU: total 4 (initial active 4) (4 cores per cpu, 1 threads per core) family 6 model 158 stepping 11 microcode 0xea, cx8, cmov, fxsr, mmx, 3dnowpref, sse, sse2, sse3, ssse3, sse4.1, sse4.2, popcnt, lzcnt, tsc, tscinvbit, avx, avx2, aes, erms, clmul, bmi1, bmi2, adx, fma, vzeroupper, clflush, clflushopt, rdtscp, f16c
Processor Information for all 4 processors :
  Max Mhz: 3600, Current Mhz: 3600, Mhz Limit: 3600

Memory: 4k page, system-wide physical 8019M (895M free)
TotalPageFile size 23124M (AvailPageFile size 32M)
current process WorkingSet (physical memory assigned to process): 11M, peak: 11M
current process commit charge ("private bytes"): 52M, peak: 178M

vm_info: Java HotSpot(TM) 64-Bit Server VM (21.0.2+13-LTS-58) for windows-amd64 JRE (21.0.2+13-LTS-58), built on 2024-01-05T18:32:24Z by "mach5one" with MS VC++ 17.1 (VS2022)

END.
