#
# There is insufficient memory for the Java Runtime Environment to continue.
# Native memory allocation (mmap) failed to map 132120576 bytes for G1 virtual space
# Possible reasons:
#   The system is out of physical RAM or swap space
#   The process is running with CompressedOops enabled, and the Java Heap may be blocking the growth of the native heap
# Possible solutions:
#   Reduce memory load on the system
#   Increase physical memory or swap space
#   Check if swap backing store is full
#   Decrease Java heap size (-Xmx/-Xms)
#   Decrease number of Java threads
#   Decrease Java thread stack sizes (-Xss)
#   Set larger code cache with -XX:ReservedCodeCacheSize=
#   JVM is running with Unscaled Compressed Oops mode in which the Java heap is
#     placed in the first 4GB address space. The Java Heap base address is the
#     maximum limit for the native heap growth. Please use -XX:HeapBaseMinAddress
#     to set the Java Heap base and to place the Java Heap above 4GB virtual address.
# This output file may be truncated or incomplete.
#
#  Out of Memory Error (os_windows.cpp:3600), pid=14876, tid=15956
#
# JRE version:  (21.0.2+13) (build )
# Java VM: Java HotSpot(TM) 64-Bit Server VM (21.0.2+13-LTS-58, mixed mode, sharing, tiered, compressed oops, compressed class ptrs, g1 gc, windows-amd64)
# No core dump will be written. Minidumps are not enabled by default on client versions of Windows
#

---------------  S U M M A R Y ------------

Command Line: -Dfile.encoding=UTF-8 --module-path=D:\Documents\CompLang\MyProjects\NetBeanProjects\bank management system\build\classes bank.management.system.Login

Host: Intel(R) Core(TM) i3-8100 CPU @ 3.60GHz, 4 cores, 7G,  Windows 11 , 64 bit Build 22621 (10.0.22621.3235)
Time: Tue Mar 12 23:16:21 2024 Central Daylight Time elapsed time: 0.055266 seconds (0d 0h 0m 0s)

---------------  T H R E A D  ---------------

Current thread (0x000002078f913db0):  JavaThread "Unknown thread" [_thread_in_vm, id=15956, stack(0x000000f324400000,0x000000f324500000) (1024K)]

Stack: [0x000000f324400000,0x000000f324500000]
Native frames: (J=compiled Java code, j=interpreted, Vv=VM code, C=native code)
V  [jvm.dll+0x6cade9]
V  [jvm.dll+0x8569c1]
V  [jvm.dll+0x858d2e]
V  [jvm.dll+0x859413]
V  [jvm.dll+0x280e56]
V  [jvm.dll+0x6c74d5]
V  [jvm.dll+0x6bbeca]
V  [jvm.dll+0x355bca]
V  [jvm.dll+0x35d816]
V  [jvm.dll+0x3ae67e]
V  [jvm.dll+0x3ae928]
V  [jvm.dll+0x3295dc]
V  [jvm.dll+0x32a16b]
V  [jvm.dll+0x81efa9]
V  [jvm.dll+0x3bba01]
V  [jvm.dll+0x807928]
V  [jvm.dll+0x44f50e]
V  [jvm.dll+0x450e11]
C  [jli.dll+0x52a3]
C  [ucrtbase.dll+0x29363]
C  [KERNEL32.DLL+0x1257d]
C  [ntdll.dll+0x5aa58]


---------------  P R O C E S S  ---------------

Threads class SMR info:
_java_thread_list=0x00007ff80283bb88, length=0, elements={
}

Java Threads: ( => current thread )
Total: 0

Other Threads:
  0x0000020791b7b060 WorkerThread "GC Thread#0"                     [id=1204, stack(0x000000f324500000,0x000000f324600000) (1024K)]
  0x0000020791b8bcb0 ConcurrentGCThread "G1 Main Marker"            [id=23312, stack(0x000000f324600000,0x000000f324700000) (1024K)]
  0x0000020791b8cf50 WorkerThread "G1 Conc#0"                       [id=1588, stack(0x000000f324700000,0x000000f324800000) (1024K)]

[error occurred during error reporting (printing all threads), id 0xc0000005, EXCEPTION_ACCESS_VIOLATION (0xc0000005) at pc=0x00007ff801fac6a7]
VM state: not at safepoint (not fully initialized)

VM Mutex/Monitor currently owned by a thread:  ([mutex/lock_event])
[0x00007ff8028ace68] Heap_lock - owner thread: 0x000002078f913db0

Heap address: 0x0000000082a00000, size: 2006 MB, Compressed Oops mode: 32-bit

CDS archive(s) mapped at: [0x0000000000000000-0x0000000000000000-0x0000000000000000), size 0, SharedBaseAddress: 0x0000000800000000, ArchiveRelocationMode: 1.
Narrow klass base: 0x0000000000000000, Narrow klass shift: 0, Narrow klass range: 0x0

GC Precious Log:
 CardTable entry size: 512
 Card Set container configuration: InlinePtr #cards 5 size 8 Array Of Cards #cards 12 size 40 Howl #buckets 4 coarsen threshold 1843 Howl Bitmap #cards 512 size 80 coarsen threshold 460 Card regions per heap region 1 cards per card region 2048

Heap:
 garbage-first heap   total 0K, used 0K [0x0000000082a00000, 0x0000000100000000)
  region size 1024K, 0 young (0K), 0 survivors (0K)

[error occurred during error reporting (printing heap information), id 0xc0000005, EXCEPTION_ACCESS_VIOLATION (0xc0000005) at pc=0x00007ff8023939f9]
GC Heap History (0 events):
No events

Dll operation events (1 events):
Event: 0.010 Loaded shared library D:\Documents\CompLang\Java\JDK\bin\java.dll

Deoptimization events (0 events):
No events

Classes loaded (0 events):
No events

Classes unloaded (0 events):
No events

Classes redefined (0 events):
No events

Internal exceptions (0 events):
No events

ZGC Phase Switch (0 events):
No events

VM Operations (0 events):
No events

Events (0 events):
No events


Dynamic libraries:
0x00007ff655fe0000 - 0x00007ff655ff0000 	D:\Documents\CompLang\Java\JDK\bin\java.exe
0x00007ff8aba70000 - 0x00007ff8abc86000 	C:\WINDOWS\SYSTEM32\ntdll.dll
0x00007ff8a9870000 - 0x00007ff8a9934000 	C:\WINDOWS\System32\KERNEL32.DLL
0x00007ff8a91d0000 - 0x00007ff8a9576000 	C:\WINDOWS\System32\KERNELBASE.dll
0x00007ff8a61a0000 - 0x00007ff8a6237000 	C:\WINDOWS\SYSTEM32\apphelp.dll
0x00007ff8a9040000 - 0x00007ff8a9151000 	C:\WINDOWS\System32\ucrtbase.dll
0x00007ff874b30000 - 0x00007ff874b49000 	D:\Documents\CompLang\Java\JDK\bin\jli.dll
0x00007ff87f750000 - 0x00007ff87f76b000 	D:\Documents\CompLang\Java\JDK\bin\VCRUNTIME140.dll
0x00007ff8aa0e0000 - 0x00007ff8aa192000 	C:\WINDOWS\System32\ADVAPI32.dll
0x00007ff8a97c0000 - 0x00007ff8a9867000 	C:\WINDOWS\System32\msvcrt.dll
0x00007ff8aa5c0000 - 0x00007ff8aa668000 	C:\WINDOWS\System32\sechost.dll
0x00007ff8a9620000 - 0x00007ff8a9648000 	C:\WINDOWS\System32\bcrypt.dll
0x00007ff8ab6d0000 - 0x00007ff8ab7e5000 	C:\WINDOWS\System32\RPCRT4.dll
0x00007ff8aa2b0000 - 0x00007ff8aa45d000 	C:\WINDOWS\System32\USER32.dll
0x00007ff8a9010000 - 0x00007ff8a9036000 	C:\WINDOWS\System32\win32u.dll
0x00007ff8aa680000 - 0x00007ff8aa6a9000 	C:\WINDOWS\System32\GDI32.dll
0x00007ff8a8db0000 - 0x00007ff8a8ec8000 	C:\WINDOWS\System32\gdi32full.dll
0x00007ff8a9580000 - 0x00007ff8a961a000 	C:\WINDOWS\System32\msvcp_win.dll
0x00007ff88cde0000 - 0x00007ff88d073000 	C:\WINDOWS\WinSxS\amd64_microsoft.windows.common-controls_6595b64144ccf1df_6.0.22621.3235_none_270f74e173860f98\COMCTL32.dll
0x00007ff8a22f0000 - 0x00007ff8a22fa000 	C:\WINDOWS\SYSTEM32\VERSION.dll
0x00007ff8a9f10000 - 0x00007ff8a9f41000 	C:\WINDOWS\System32\IMM32.DLL
0x00007ff8a60c0000 - 0x00007ff8a60cc000 	D:\Documents\CompLang\Java\JDK\bin\vcruntime140_1.dll
0x00007ff864930000 - 0x00007ff8649be000 	D:\Documents\CompLang\Java\JDK\bin\msvcp140.dll
0x00007ff801c70000 - 0x00007ff802987000 	D:\Documents\CompLang\Java\JDK\bin\server\jvm.dll
0x00007ff8aa460000 - 0x00007ff8aa4d1000 	C:\WINDOWS\System32\WS2_32.dll
0x00007ff8a8610000 - 0x00007ff8a865d000 	C:\WINDOWS\SYSTEM32\POWRPROF.dll
0x00007ff896b90000 - 0x00007ff896bc4000 	C:\WINDOWS\SYSTEM32\WINMM.dll
0x00007ff8a85d0000 - 0x00007ff8a85e3000 	C:\WINDOWS\SYSTEM32\UMPDC.dll
0x00007ff8a7df0000 - 0x00007ff8a7e08000 	C:\WINDOWS\SYSTEM32\kernel.appcore.dll
0x00007ff88a410000 - 0x00007ff88a41a000 	D:\Documents\CompLang\Java\JDK\bin\jimage.dll
0x00007ff88a560000 - 0x00007ff88a793000 	C:\WINDOWS\SYSTEM32\DBGHELP.DLL
0x00007ff8a9b00000 - 0x00007ff8a9e88000 	C:\WINDOWS\System32\combase.dll
0x00007ff8aa4e0000 - 0x00007ff8aa5b7000 	C:\WINDOWS\System32\OLEAUT32.dll
0x00007ff88a520000 - 0x00007ff88a552000 	C:\WINDOWS\SYSTEM32\dbgcore.DLL
0x00007ff8a8ed0000 - 0x00007ff8a8f4a000 	C:\WINDOWS\System32\bcryptPrimitives.dll
0x00007ff874b50000 - 0x00007ff874b6f000 	D:\Documents\CompLang\Java\JDK\bin\java.dll

dbghelp: loaded successfully - version: 4.0.5 - missing functions: none
symbol engine: initialized successfully - sym options: 0x614 - pdb path: .;D:\Documents\CompLang\Java\JDK\bin;C:\WINDOWS\SYSTEM32;C:\WINDOWS\WinSxS\amd64_microsoft.windows.common-controls_6595b64144ccf1df_6.0.22621.3235_none_270f74e173860f98;D:\Documents\CompLang\Java\JDK\bin\server

VM Arguments:
jvm_args: -Dfile.encoding=UTF-8 --module-path=D:\Documents\CompLang\MyProjects\NetBeanProjects\bank management system\build\classes 
java_command: bank.management.system.Login
java_class_path (initial): D:\Documents\CompLang\MyProjects\NetBeanProjects\bank management system\build\classes
Launcher Type: SUN_STANDARD

[Global flags]
     intx CICompilerCount                          = 3                                         {product} {ergonomic}
     uint ConcGCThreads                            = 1                                         {product} {ergonomic}
     uint G1ConcRefinementThreads                  = 4                                         {product} {ergonomic}
   size_t G1HeapRegionSize                         = 1048576                                   {product} {ergonomic}
    uintx GCDrainStackTargetSize                   = 64                                        {product} {ergonomic}
   size_t InitialHeapSize                          = 132120576                                 {product} {ergonomic}
   size_t MarkStackSize                            = 4194304                                   {product} {ergonomic}
   size_t MaxHeapSize                              = 2103443456                                {product} {ergonomic}
   size_t MinHeapDeltaBytes                        = 1048576                                   {product} {ergonomic}
   size_t MinHeapSize                              = 8388608                                   {product} {ergonomic}
    uintx NonNMethodCodeHeapSize                   = 5832780                                {pd product} {ergonomic}
    uintx NonProfiledCodeHeapSize                  = 122912730                              {pd product} {ergonomic}
    uintx ProfiledCodeHeapSize                     = 122912730                              {pd product} {ergonomic}
    uintx ReservedCodeCacheSize                    = 251658240                              {pd product} {ergonomic}
     bool SegmentedCodeCache                       = true                                      {product} {ergonomic}
   size_t SoftMaxHeapSize                          = 2103443456                             {manageable} {ergonomic}
     bool UseCompressedOops                        = true                           {product lp64_product} {ergonomic}
     bool UseG1GC                                  = true                                      {product} {ergonomic}
     bool UseLargePagesIndividualAllocation        = false                                  {pd product} {ergonomic}

Logging:
Log output configuration:
 #0: stdout all=warning uptime,level,tags foldmultilines=false
 #1: stderr all=off uptime,level,tags foldmultilines=false

Environment Variables:
PATH=C:\Program Files\Common Files\Oracle\Java\javapath;C:\WINDOWS\system32;C:\WINDOWS;C:\WINDOWS\System32\Wbem;C:\WINDOWS\System32\WindowsPowerShell\v1.0\;C:\WINDOWS\System32\OpenSSH\;D:\Program Files\Git\Git\cmd;D:\Documents\CompLang\NodeJS\;C:\Users\ibaba\AppData\Local\Microsoft\WindowsApps;;C:\Users\ibaba\AppData\Local\Programs\Microsoft VS Code\bin;C:\Users\ibaba\AppData\Roaming\npm
USERNAME=ibaba
OS=Windows_NT
PROCESSOR_IDENTIFIER=Intel64 Family 6 Model 158 Stepping 11, GenuineIntel
TMP=C:\Users\ibaba\AppData\Local\Temp
TEMP=C:\Users\ibaba\AppData\Local\Temp




Periodic native trim disabled

---------------  S Y S T E M  ---------------

OS:
 Windows 11 , 64 bit Build 22621 (10.0.22621.3235)
OS uptime: 2 days 1:26 hours

CPU: total 4 (initial active 4) (4 cores per cpu, 1 threads per core) family 6 model 158 stepping 11 microcode 0xea, cx8, cmov, fxsr, mmx, 3dnowpref, sse, sse2, sse3, ssse3, sse4.1, sse4.2, popcnt, lzcnt, tsc, tscinvbit, avx, avx2, aes, erms, clmul, bmi1, bmi2, adx, fma, vzeroupper, clflush, clflushopt, rdtscp, f16c
Processor Information for all 4 processors :
  Max Mhz: 3600, Current Mhz: 3600, Mhz Limit: 3600

Memory: 4k page, system-wide physical 8019M (590M free)
TotalPageFile size 23124M (AvailPageFile size 125M)
current process WorkingSet (physical memory assigned to process): 11M, peak: 11M
current process commit charge ("private bytes"): 52M, peak: 178M

vm_info: Java HotSpot(TM) 64-Bit Server VM (21.0.2+13-LTS-58) for windows-amd64 JRE (21.0.2+13-LTS-58), built on 2024-01-05T18:32:24Z by "mach5one" with MS VC++ 17.1 (VS2022)

END.
