#
# There is insufficient memory for the Java Runtime Environment to continue.
# Native memory allocation (mmap) failed to map 65536 bytes for Failed to commit metaspace.
# Possible reasons:
#   The system is out of physical RAM or swap space
#   The process is running with CompressedOops enabled, and the Java Heap may be blocking the growth of the native heap
# Possible solutions:
#   Reduce memory load on the system
#   Increase physical memory or swap space
#   Check if swap backing store is full
#   Decrease Java heap size (-Xmx/-Xms)
#   Decrease number of Java threads
#   Decrease Java thread stack sizes (-Xss)
#   Set larger code cache with -XX:ReservedCodeCacheSize=
#   JVM is running with Unscaled Compressed Oops mode in which the Java heap is
#     placed in the first 4GB address space. The Java Heap base address is the
#     maximum limit for the native heap growth. Please use -XX:HeapBaseMinAddress
#     to set the Java Heap base and to place the Java Heap above 4GB virtual address.
# This output file may be truncated or incomplete.
#
#  Out of Memory Error (virtualSpaceNode.cpp:112), pid=25384, tid=12840
#
# JRE version: Java(TM) SE Runtime Environment (21.0.2+13) (build 21.0.2+13-LTS-58)
# Java VM: Java HotSpot(TM) 64-Bit Server VM (21.0.2+13-LTS-58, mixed mode, sharing, tiered, compressed oops, compressed class ptrs, g1 gc, windows-amd64)
# No core dump will be written. Minidumps are not enabled by default on client versions of Windows
#

---------------  S U M M A R Y ------------

Command Line: -Dfile.encoding=UTF-8 --module-path=D:\Documents\CompLang\MyProjects\NetBeanProjects\bank management system\build\classes bank.management.system.SignupTwo

Host: Intel(R) Core(TM) i3-8100 CPU @ 3.60GHz, 4 cores, 7G,  Windows 11 , 64 bit Build 22621 (10.0.22621.3235)
Time: Sun Mar 17 21:32:40 2024 Central Daylight Time elapsed time: 0.915328 seconds (0d 0h 0m 0s)

---------------  T H R E A D  ---------------

Current thread (0x000001d068725e10):  JavaThread "C1 CompilerThread0" daemon [_thread_in_vm, id=12840, stack(0x000000cdfee00000,0x000000cdfef00000) (1024K)]


Current CompileTask:
C1:    915  396       3       java.lang.invoke.InvokerBytecodeGenerator::getInternalName (103 bytes)

Stack: [0x000000cdfee00000,0x000000cdfef00000]
Native frames: (J=compiled Java code, j=interpreted, Vv=VM code, C=native code)
V  [jvm.dll+0x6cade9]
V  [jvm.dll+0x8569c1]
V  [jvm.dll+0x858d2e]
V  [jvm.dll+0x859413]
V  [jvm.dll+0x280e56]
V  [jvm.dll+0x8526ee]
V  [jvm.dll+0x66e705]
V  [jvm.dll+0x66e76a]
V  [jvm.dll+0x670f96]
V  [jvm.dll+0x670e62]
V  [jvm.dll+0x66f0de]
V  [jvm.dll+0x68038a]
V  [jvm.dll+0x679622]
V  [jvm.dll+0x1f44e0]
V  [jvm.dll+0x1f46c8]
V  [jvm.dll+0x166a66]
V  [jvm.dll+0x1668b6]
V  [jvm.dll+0x15e3d8]
V  [jvm.dll+0x16064d]
V  [jvm.dll+0x15ec75]
V  [jvm.dll+0x1589ce]
V  [jvm.dll+0x168576]
V  [jvm.dll+0x153e00]
V  [jvm.dll+0x154183]
V  [jvm.dll+0x154444]
V  [jvm.dll+0x153886]
V  [jvm.dll+0x1555ed]
V  [jvm.dll+0x258859]
V  [jvm.dll+0x256e3a]
V  [jvm.dll+0x3ef6c6]
V  [jvm.dll+0x7ff568]
V  [jvm.dll+0x6c953d]
C  [ucrtbase.dll+0x29363]
C  [KERNEL32.DLL+0x1257d]
C  [ntdll.dll+0x5aa58]


---------------  P R O C E S S  ---------------

Threads class SMR info:
_java_thread_list=0x000001d0689ae740, length=11, elements={
0x000001d04a465c10, 0x000001d0686b2430, 0x000001d0686b4050, 0x000001d0686b65f0,
0x000001d0686b7050, 0x000001d0686b7ab0, 0x000001d0686b8510, 0x000001d0686bd2c0,
0x000001d068725e10, 0x000001d06867c9b0, 0x000001d0689c7aa0
}

Java Threads: ( => current thread )
  0x000001d04a465c10 JavaThread "main"                              [_thread_in_vm, id=25020, stack(0x000000cdfde00000,0x000000cdfdf00000) (1024K)]
  0x000001d0686b2430 JavaThread "Reference Handler"          daemon [_thread_blocked, id=13828, stack(0x000000cdfe700000,0x000000cdfe800000) (1024K)]
  0x000001d0686b4050 JavaThread "Finalizer"                  daemon [_thread_blocked, id=21008, stack(0x000000cdfe800000,0x000000cdfe900000) (1024K)]
  0x000001d0686b65f0 JavaThread "Signal Dispatcher"          daemon [_thread_blocked, id=15584, stack(0x000000cdfe900000,0x000000cdfea00000) (1024K)]
  0x000001d0686b7050 JavaThread "Attach Listener"            daemon [_thread_blocked, id=1408, stack(0x000000cdfea00000,0x000000cdfeb00000) (1024K)]
  0x000001d0686b7ab0 JavaThread "Service Thread"             daemon [_thread_blocked, id=22180, stack(0x000000cdfeb00000,0x000000cdfec00000) (1024K)]
  0x000001d0686b8510 JavaThread "Monitor Deflation Thread"   daemon [_thread_blocked, id=17452, stack(0x000000cdfec00000,0x000000cdfed00000) (1024K)]
  0x000001d0686bd2c0 JavaThread "C2 CompilerThread0"         daemon [_thread_blocked, id=22340, stack(0x000000cdfed00000,0x000000cdfee00000) (1024K)]
=>0x000001d068725e10 JavaThread "C1 CompilerThread0"         daemon [_thread_in_vm, id=12840, stack(0x000000cdfee00000,0x000000cdfef00000) (1024K)]
  0x000001d06867c9b0 JavaThread "Common-Cleaner"             daemon [_thread_blocked, id=23360, stack(0x000000cdfef00000,0x000000cdff000000) (1024K)]
  0x000001d0689c7aa0 JavaThread "Notification Thread"        daemon [_thread_blocked, id=24288, stack(0x000000cdff000000,0x000000cdff100000) (1024K)]
Total: 11

Other Threads:
  0x000001d068694990 VMThread "VM Thread"                           [id=3432, stack(0x000000cdfe600000,0x000000cdfe700000) (1024K)]
  0x000001d06867b7f0 WatcherThread "VM Periodic Task Thread"        [id=20180, stack(0x000000cdfe500000,0x000000cdfe600000) (1024K)]
  0x000001d04c69a570 WorkerThread "GC Thread#0"                     [id=23456, stack(0x000000cdfe000000,0x000000cdfe100000) (1024K)]
  0x000001d04c6abf20 ConcurrentGCThread "G1 Main Marker"            [id=17916, stack(0x000000cdfe100000,0x000000cdfe200000) (1024K)]
  0x000001d04c6ae140 WorkerThread "G1 Conc#0"                       [id=7304, stack(0x000000cdfe200000,0x000000cdfe300000) (1024K)]
  0x000001d0685514b0 ConcurrentGCThread "G1 Refine#0"               [id=19528, stack(0x000000cdfe300000,0x000000cdfe400000) (1024K)]
  0x000001d0685520d0 ConcurrentGCThread "G1 Service"                [id=12392, stack(0x000000cdfe400000,0x000000cdfe500000) (1024K)]
Total: 7

Threads with active compile tasks:
C1 CompilerThread0      983  396       3       java.lang.invoke.InvokerBytecodeGenerator::getInternalName (103 bytes)
Total: 1

VM state: not at safepoint (normal execution)

VM Mutex/Monitor currently owned by a thread:  ([mutex/lock_event])
[0x00007ffac61eace8] Metaspace_lock - owner thread: 0x000001d068725e10

Heap address: 0x0000000082a00000, size: 2006 MB, Compressed Oops mode: 32-bit

CDS archive(s) mapped at: [0x000001d000000000-0x000001d000c90000-0x000001d000c90000), size 13172736, SharedBaseAddress: 0x000001d000000000, ArchiveRelocationMode: 1.
Compressed class space mapped at: 0x000001d001000000-0x000001d041000000, reserved size: 1073741824
Narrow klass base: 0x000001d000000000, Narrow klass shift: 0, Narrow klass range: 0x100000000

GC Precious Log:
 CardTable entry size: 512
 Card Set container configuration: InlinePtr #cards 5 size 8 Array Of Cards #cards 12 size 40 Howl #buckets 4 coarsen threshold 1843 Howl Bitmap #cards 512 size 80 coarsen threshold 460 Card regions per heap region 1 cards per card region 2048
 CPUs: 4 total, 4 available
 Memory: 8019M
 Large Page Support: Disabled
 NUMA Support: Disabled
 Compressed Oops: Enabled (32-bit)
 Heap Region Size: 1M
 Heap Min Capacity: 8M
 Heap Initial Capacity: 126M
 Heap Max Capacity: 2006M
 Pre-touch: Disabled
 Parallel Workers: 4
 Concurrent Workers: 1
 Concurrent Refinement Workers: 4
 Periodic GC: Disabled

Heap:
 garbage-first heap   total 129024K, used 3072K [0x0000000082a00000, 0x0000000100000000)
  region size 1024K, 4 young (4096K), 0 survivors (0K)
 Metaspace       used 2494K, committed 2624K, reserved 1114112K
  class space    used 250K, committed 320K, reserved 1048576K

Heap Regions: E=young(eden), S=young(survivor), O=old, HS=humongous(starts), HC=humongous(continues), CS=collection set, F=free, TAMS=top-at-mark-start, PB=parsable bottom
|   0|0x0000000082a00000, 0x0000000082a00000, 0x0000000082b00000|  0%| F|  |TAMS 0x0000000082a00000| PB 0x0000000082a00000| Untracked 
|   1|0x0000000082b00000, 0x0000000082b00000, 0x0000000082c00000|  0%| F|  |TAMS 0x0000000082b00000| PB 0x0000000082b00000| Untracked 
|   2|0x0000000082c00000, 0x0000000082c00000, 0x0000000082d00000|  0%| F|  |TAMS 0x0000000082c00000| PB 0x0000000082c00000| Untracked 
|   3|0x0000000082d00000, 0x0000000082d00000, 0x0000000082e00000|  0%| F|  |TAMS 0x0000000082d00000| PB 0x0000000082d00000| Untracked 
|   4|0x0000000082e00000, 0x0000000082e00000, 0x0000000082f00000|  0%| F|  |TAMS 0x0000000082e00000| PB 0x0000000082e00000| Untracked 
|   5|0x0000000082f00000, 0x0000000082f00000, 0x0000000083000000|  0%| F|  |TAMS 0x0000000082f00000| PB 0x0000000082f00000| Untracked 
|   6|0x0000000083000000, 0x0000000083000000, 0x0000000083100000|  0%| F|  |TAMS 0x0000000083000000| PB 0x0000000083000000| Untracked 
|   7|0x0000000083100000, 0x0000000083100000, 0x0000000083200000|  0%| F|  |TAMS 0x0000000083100000| PB 0x0000000083100000| Untracked 
|   8|0x0000000083200000, 0x0000000083200000, 0x0000000083300000|  0%| F|  |TAMS 0x0000000083200000| PB 0x0000000083200000| Untracked 
|   9|0x0000000083300000, 0x0000000083300000, 0x0000000083400000|  0%| F|  |TAMS 0x0000000083300000| PB 0x0000000083300000| Untracked 
|  10|0x0000000083400000, 0x0000000083400000, 0x0000000083500000|  0%| F|  |TAMS 0x0000000083400000| PB 0x0000000083400000| Untracked 
|  11|0x0000000083500000, 0x0000000083500000, 0x0000000083600000|  0%| F|  |TAMS 0x0000000083500000| PB 0x0000000083500000| Untracked 
|  12|0x0000000083600000, 0x0000000083600000, 0x0000000083700000|  0%| F|  |TAMS 0x0000000083600000| PB 0x0000000083600000| Untracked 
|  13|0x0000000083700000, 0x0000000083700000, 0x0000000083800000|  0%| F|  |TAMS 0x0000000083700000| PB 0x0000000083700000| Untracked 
|  14|0x0000000083800000, 0x0000000083800000, 0x0000000083900000|  0%| F|  |TAMS 0x0000000083800000| PB 0x0000000083800000| Untracked 
|  15|0x0000000083900000, 0x0000000083900000, 0x0000000083a00000|  0%| F|  |TAMS 0x0000000083900000| PB 0x0000000083900000| Untracked 
|  16|0x0000000083a00000, 0x0000000083a00000, 0x0000000083b00000|  0%| F|  |TAMS 0x0000000083a00000| PB 0x0000000083a00000| Untracked 
|  17|0x0000000083b00000, 0x0000000083b00000, 0x0000000083c00000|  0%| F|  |TAMS 0x0000000083b00000| PB 0x0000000083b00000| Untracked 
|  18|0x0000000083c00000, 0x0000000083c00000, 0x0000000083d00000|  0%| F|  |TAMS 0x0000000083c00000| PB 0x0000000083c00000| Untracked 
|  19|0x0000000083d00000, 0x0000000083d00000, 0x0000000083e00000|  0%| F|  |TAMS 0x0000000083d00000| PB 0x0000000083d00000| Untracked 
|  20|0x0000000083e00000, 0x0000000083e00000, 0x0000000083f00000|  0%| F|  |TAMS 0x0000000083e00000| PB 0x0000000083e00000| Untracked 
|  21|0x0000000083f00000, 0x0000000083f00000, 0x0000000084000000|  0%| F|  |TAMS 0x0000000083f00000| PB 0x0000000083f00000| Untracked 
|  22|0x0000000084000000, 0x0000000084000000, 0x0000000084100000|  0%| F|  |TAMS 0x0000000084000000| PB 0x0000000084000000| Untracked 
|  23|0x0000000084100000, 0x0000000084100000, 0x0000000084200000|  0%| F|  |TAMS 0x0000000084100000| PB 0x0000000084100000| Untracked 
|  24|0x0000000084200000, 0x0000000084200000, 0x0000000084300000|  0%| F|  |TAMS 0x0000000084200000| PB 0x0000000084200000| Untracked 
|  25|0x0000000084300000, 0x0000000084300000, 0x0000000084400000|  0%| F|  |TAMS 0x0000000084300000| PB 0x0000000084300000| Untracked 
|  26|0x0000000084400000, 0x0000000084400000, 0x0000000084500000|  0%| F|  |TAMS 0x0000000084400000| PB 0x0000000084400000| Untracked 
|  27|0x0000000084500000, 0x0000000084500000, 0x0000000084600000|  0%| F|  |TAMS 0x0000000084500000| PB 0x0000000084500000| Untracked 
|  28|0x0000000084600000, 0x0000000084600000, 0x0000000084700000|  0%| F|  |TAMS 0x0000000084600000| PB 0x0000000084600000| Untracked 
|  29|0x0000000084700000, 0x0000000084700000, 0x0000000084800000|  0%| F|  |TAMS 0x0000000084700000| PB 0x0000000084700000| Untracked 
|  30|0x0000000084800000, 0x0000000084800000, 0x0000000084900000|  0%| F|  |TAMS 0x0000000084800000| PB 0x0000000084800000| Untracked 
|  31|0x0000000084900000, 0x0000000084900000, 0x0000000084a00000|  0%| F|  |TAMS 0x0000000084900000| PB 0x0000000084900000| Untracked 
|  32|0x0000000084a00000, 0x0000000084a00000, 0x0000000084b00000|  0%| F|  |TAMS 0x0000000084a00000| PB 0x0000000084a00000| Untracked 
|  33|0x0000000084b00000, 0x0000000084b00000, 0x0000000084c00000|  0%| F|  |TAMS 0x0000000084b00000| PB 0x0000000084b00000| Untracked 
|  34|0x0000000084c00000, 0x0000000084c00000, 0x0000000084d00000|  0%| F|  |TAMS 0x0000000084c00000| PB 0x0000000084c00000| Untracked 
|  35|0x0000000084d00000, 0x0000000084d00000, 0x0000000084e00000|  0%| F|  |TAMS 0x0000000084d00000| PB 0x0000000084d00000| Untracked 
|  36|0x0000000084e00000, 0x0000000084e00000, 0x0000000084f00000|  0%| F|  |TAMS 0x0000000084e00000| PB 0x0000000084e00000| Untracked 
|  37|0x0000000084f00000, 0x0000000084f00000, 0x0000000085000000|  0%| F|  |TAMS 0x0000000084f00000| PB 0x0000000084f00000| Untracked 
|  38|0x0000000085000000, 0x0000000085000000, 0x0000000085100000|  0%| F|  |TAMS 0x0000000085000000| PB 0x0000000085000000| Untracked 
|  39|0x0000000085100000, 0x0000000085100000, 0x0000000085200000|  0%| F|  |TAMS 0x0000000085100000| PB 0x0000000085100000| Untracked 
|  40|0x0000000085200000, 0x0000000085200000, 0x0000000085300000|  0%| F|  |TAMS 0x0000000085200000| PB 0x0000000085200000| Untracked 
|  41|0x0000000085300000, 0x0000000085300000, 0x0000000085400000|  0%| F|  |TAMS 0x0000000085300000| PB 0x0000000085300000| Untracked 
|  42|0x0000000085400000, 0x0000000085400000, 0x0000000085500000|  0%| F|  |TAMS 0x0000000085400000| PB 0x0000000085400000| Untracked 
|  43|0x0000000085500000, 0x0000000085500000, 0x0000000085600000|  0%| F|  |TAMS 0x0000000085500000| PB 0x0000000085500000| Untracked 
|  44|0x0000000085600000, 0x0000000085600000, 0x0000000085700000|  0%| F|  |TAMS 0x0000000085600000| PB 0x0000000085600000| Untracked 
|  45|0x0000000085700000, 0x0000000085700000, 0x0000000085800000|  0%| F|  |TAMS 0x0000000085700000| PB 0x0000000085700000| Untracked 
|  46|0x0000000085800000, 0x0000000085800000, 0x0000000085900000|  0%| F|  |TAMS 0x0000000085800000| PB 0x0000000085800000| Untracked 
|  47|0x0000000085900000, 0x0000000085900000, 0x0000000085a00000|  0%| F|  |TAMS 0x0000000085900000| PB 0x0000000085900000| Untracked 
|  48|0x0000000085a00000, 0x0000000085a00000, 0x0000000085b00000|  0%| F|  |TAMS 0x0000000085a00000| PB 0x0000000085a00000| Untracked 
|  49|0x0000000085b00000, 0x0000000085b00000, 0x0000000085c00000|  0%| F|  |TAMS 0x0000000085b00000| PB 0x0000000085b00000| Untracked 
|  50|0x0000000085c00000, 0x0000000085c00000, 0x0000000085d00000|  0%| F|  |TAMS 0x0000000085c00000| PB 0x0000000085c00000| Untracked 
|  51|0x0000000085d00000, 0x0000000085d00000, 0x0000000085e00000|  0%| F|  |TAMS 0x0000000085d00000| PB 0x0000000085d00000| Untracked 
|  52|0x0000000085e00000, 0x0000000085e00000, 0x0000000085f00000|  0%| F|  |TAMS 0x0000000085e00000| PB 0x0000000085e00000| Untracked 
|  53|0x0000000085f00000, 0x0000000085f00000, 0x0000000086000000|  0%| F|  |TAMS 0x0000000085f00000| PB 0x0000000085f00000| Untracked 
|  54|0x0000000086000000, 0x0000000086000000, 0x0000000086100000|  0%| F|  |TAMS 0x0000000086000000| PB 0x0000000086000000| Untracked 
|  55|0x0000000086100000, 0x0000000086100000, 0x0000000086200000|  0%| F|  |TAMS 0x0000000086100000| PB 0x0000000086100000| Untracked 
|  56|0x0000000086200000, 0x0000000086200000, 0x0000000086300000|  0%| F|  |TAMS 0x0000000086200000| PB 0x0000000086200000| Untracked 
|  57|0x0000000086300000, 0x0000000086300000, 0x0000000086400000|  0%| F|  |TAMS 0x0000000086300000| PB 0x0000000086300000| Untracked 
|  58|0x0000000086400000, 0x0000000086400000, 0x0000000086500000|  0%| F|  |TAMS 0x0000000086400000| PB 0x0000000086400000| Untracked 
|  59|0x0000000086500000, 0x0000000086500000, 0x0000000086600000|  0%| F|  |TAMS 0x0000000086500000| PB 0x0000000086500000| Untracked 
|  60|0x0000000086600000, 0x0000000086600000, 0x0000000086700000|  0%| F|  |TAMS 0x0000000086600000| PB 0x0000000086600000| Untracked 
|  61|0x0000000086700000, 0x0000000086700000, 0x0000000086800000|  0%| F|  |TAMS 0x0000000086700000| PB 0x0000000086700000| Untracked 
|  62|0x0000000086800000, 0x0000000086800000, 0x0000000086900000|  0%| F|  |TAMS 0x0000000086800000| PB 0x0000000086800000| Untracked 
|  63|0x0000000086900000, 0x0000000086900000, 0x0000000086a00000|  0%| F|  |TAMS 0x0000000086900000| PB 0x0000000086900000| Untracked 
|  64|0x0000000086a00000, 0x0000000086a00000, 0x0000000086b00000|  0%| F|  |TAMS 0x0000000086a00000| PB 0x0000000086a00000| Untracked 
|  65|0x0000000086b00000, 0x0000000086b00000, 0x0000000086c00000|  0%| F|  |TAMS 0x0000000086b00000| PB 0x0000000086b00000| Untracked 
|  66|0x0000000086c00000, 0x0000000086c00000, 0x0000000086d00000|  0%| F|  |TAMS 0x0000000086c00000| PB 0x0000000086c00000| Untracked 
|  67|0x0000000086d00000, 0x0000000086d00000, 0x0000000086e00000|  0%| F|  |TAMS 0x0000000086d00000| PB 0x0000000086d00000| Untracked 
|  68|0x0000000086e00000, 0x0000000086e00000, 0x0000000086f00000|  0%| F|  |TAMS 0x0000000086e00000| PB 0x0000000086e00000| Untracked 
|  69|0x0000000086f00000, 0x0000000086f00000, 0x0000000087000000|  0%| F|  |TAMS 0x0000000086f00000| PB 0x0000000086f00000| Untracked 
|  70|0x0000000087000000, 0x0000000087000000, 0x0000000087100000|  0%| F|  |TAMS 0x0000000087000000| PB 0x0000000087000000| Untracked 
|  71|0x0000000087100000, 0x0000000087100000, 0x0000000087200000|  0%| F|  |TAMS 0x0000000087100000| PB 0x0000000087100000| Untracked 
|  72|0x0000000087200000, 0x0000000087200000, 0x0000000087300000|  0%| F|  |TAMS 0x0000000087200000| PB 0x0000000087200000| Untracked 
|  73|0x0000000087300000, 0x0000000087300000, 0x0000000087400000|  0%| F|  |TAMS 0x0000000087300000| PB 0x0000000087300000| Untracked 
|  74|0x0000000087400000, 0x0000000087400000, 0x0000000087500000|  0%| F|  |TAMS 0x0000000087400000| PB 0x0000000087400000| Untracked 
|  75|0x0000000087500000, 0x0000000087500000, 0x0000000087600000|  0%| F|  |TAMS 0x0000000087500000| PB 0x0000000087500000| Untracked 
|  76|0x0000000087600000, 0x0000000087600000, 0x0000000087700000|  0%| F|  |TAMS 0x0000000087600000| PB 0x0000000087600000| Untracked 
|  77|0x0000000087700000, 0x0000000087700000, 0x0000000087800000|  0%| F|  |TAMS 0x0000000087700000| PB 0x0000000087700000| Untracked 
|  78|0x0000000087800000, 0x0000000087800000, 0x0000000087900000|  0%| F|  |TAMS 0x0000000087800000| PB 0x0000000087800000| Untracked 
|  79|0x0000000087900000, 0x0000000087900000, 0x0000000087a00000|  0%| F|  |TAMS 0x0000000087900000| PB 0x0000000087900000| Untracked 
|  80|0x0000000087a00000, 0x0000000087a00000, 0x0000000087b00000|  0%| F|  |TAMS 0x0000000087a00000| PB 0x0000000087a00000| Untracked 
|  81|0x0000000087b00000, 0x0000000087b00000, 0x0000000087c00000|  0%| F|  |TAMS 0x0000000087b00000| PB 0x0000000087b00000| Untracked 
|  82|0x0000000087c00000, 0x0000000087c00000, 0x0000000087d00000|  0%| F|  |TAMS 0x0000000087c00000| PB 0x0000000087c00000| Untracked 
|  83|0x0000000087d00000, 0x0000000087d00000, 0x0000000087e00000|  0%| F|  |TAMS 0x0000000087d00000| PB 0x0000000087d00000| Untracked 
|  84|0x0000000087e00000, 0x0000000087e00000, 0x0000000087f00000|  0%| F|  |TAMS 0x0000000087e00000| PB 0x0000000087e00000| Untracked 
|  85|0x0000000087f00000, 0x0000000087f00000, 0x0000000088000000|  0%| F|  |TAMS 0x0000000087f00000| PB 0x0000000087f00000| Untracked 
|  86|0x0000000088000000, 0x0000000088000000, 0x0000000088100000|  0%| F|  |TAMS 0x0000000088000000| PB 0x0000000088000000| Untracked 
|  87|0x0000000088100000, 0x0000000088100000, 0x0000000088200000|  0%| F|  |TAMS 0x0000000088100000| PB 0x0000000088100000| Untracked 
|  88|0x0000000088200000, 0x0000000088200000, 0x0000000088300000|  0%| F|  |TAMS 0x0000000088200000| PB 0x0000000088200000| Untracked 
|  89|0x0000000088300000, 0x0000000088300000, 0x0000000088400000|  0%| F|  |TAMS 0x0000000088300000| PB 0x0000000088300000| Untracked 
|  90|0x0000000088400000, 0x0000000088400000, 0x0000000088500000|  0%| F|  |TAMS 0x0000000088400000| PB 0x0000000088400000| Untracked 
|  91|0x0000000088500000, 0x0000000088500000, 0x0000000088600000|  0%| F|  |TAMS 0x0000000088500000| PB 0x0000000088500000| Untracked 
|  92|0x0000000088600000, 0x0000000088600000, 0x0000000088700000|  0%| F|  |TAMS 0x0000000088600000| PB 0x0000000088600000| Untracked 
|  93|0x0000000088700000, 0x0000000088700000, 0x0000000088800000|  0%| F|  |TAMS 0x0000000088700000| PB 0x0000000088700000| Untracked 
|  94|0x0000000088800000, 0x0000000088800000, 0x0000000088900000|  0%| F|  |TAMS 0x0000000088800000| PB 0x0000000088800000| Untracked 
|  95|0x0000000088900000, 0x0000000088900000, 0x0000000088a00000|  0%| F|  |TAMS 0x0000000088900000| PB 0x0000000088900000| Untracked 
|  96|0x0000000088a00000, 0x0000000088a00000, 0x0000000088b00000|  0%| F|  |TAMS 0x0000000088a00000| PB 0x0000000088a00000| Untracked 
|  97|0x0000000088b00000, 0x0000000088b00000, 0x0000000088c00000|  0%| F|  |TAMS 0x0000000088b00000| PB 0x0000000088b00000| Untracked 
|  98|0x0000000088c00000, 0x0000000088c00000, 0x0000000088d00000|  0%| F|  |TAMS 0x0000000088c00000| PB 0x0000000088c00000| Untracked 
|  99|0x0000000088d00000, 0x0000000088d00000, 0x0000000088e00000|  0%| F|  |TAMS 0x0000000088d00000| PB 0x0000000088d00000| Untracked 
| 100|0x0000000088e00000, 0x0000000088e00000, 0x0000000088f00000|  0%| F|  |TAMS 0x0000000088e00000| PB 0x0000000088e00000| Untracked 
| 101|0x0000000088f00000, 0x0000000088f00000, 0x0000000089000000|  0%| F|  |TAMS 0x0000000088f00000| PB 0x0000000088f00000| Untracked 
| 102|0x0000000089000000, 0x0000000089000000, 0x0000000089100000|  0%| F|  |TAMS 0x0000000089000000| PB 0x0000000089000000| Untracked 
| 103|0x0000000089100000, 0x0000000089100000, 0x0000000089200000|  0%| F|  |TAMS 0x0000000089100000| PB 0x0000000089100000| Untracked 
| 104|0x0000000089200000, 0x0000000089200000, 0x0000000089300000|  0%| F|  |TAMS 0x0000000089200000| PB 0x0000000089200000| Untracked 
| 105|0x0000000089300000, 0x0000000089300000, 0x0000000089400000|  0%| F|  |TAMS 0x0000000089300000| PB 0x0000000089300000| Untracked 
| 106|0x0000000089400000, 0x0000000089400000, 0x0000000089500000|  0%| F|  |TAMS 0x0000000089400000| PB 0x0000000089400000| Untracked 
| 107|0x0000000089500000, 0x0000000089500000, 0x0000000089600000|  0%| F|  |TAMS 0x0000000089500000| PB 0x0000000089500000| Untracked 
| 108|0x0000000089600000, 0x0000000089600000, 0x0000000089700000|  0%| F|  |TAMS 0x0000000089600000| PB 0x0000000089600000| Untracked 
| 109|0x0000000089700000, 0x0000000089700000, 0x0000000089800000|  0%| F|  |TAMS 0x0000000089700000| PB 0x0000000089700000| Untracked 
| 110|0x0000000089800000, 0x0000000089800000, 0x0000000089900000|  0%| F|  |TAMS 0x0000000089800000| PB 0x0000000089800000| Untracked 
| 111|0x0000000089900000, 0x0000000089900000, 0x0000000089a00000|  0%| F|  |TAMS 0x0000000089900000| PB 0x0000000089900000| Untracked 
| 112|0x0000000089a00000, 0x0000000089a00000, 0x0000000089b00000|  0%| F|  |TAMS 0x0000000089a00000| PB 0x0000000089a00000| Untracked 
| 113|0x0000000089b00000, 0x0000000089b00000, 0x0000000089c00000|  0%| F|  |TAMS 0x0000000089b00000| PB 0x0000000089b00000| Untracked 
| 114|0x0000000089c00000, 0x0000000089c00000, 0x0000000089d00000|  0%| F|  |TAMS 0x0000000089c00000| PB 0x0000000089c00000| Untracked 
| 115|0x0000000089d00000, 0x0000000089d00000, 0x0000000089e00000|  0%| F|  |TAMS 0x0000000089d00000| PB 0x0000000089d00000| Untracked 
| 116|0x0000000089e00000, 0x0000000089e00000, 0x0000000089f00000|  0%| F|  |TAMS 0x0000000089e00000| PB 0x0000000089e00000| Untracked 
| 117|0x0000000089f00000, 0x0000000089f00000, 0x000000008a000000|  0%| F|  |TAMS 0x0000000089f00000| PB 0x0000000089f00000| Untracked 
| 118|0x000000008a000000, 0x000000008a000000, 0x000000008a100000|  0%| F|  |TAMS 0x000000008a000000| PB 0x000000008a000000| Untracked 
| 119|0x000000008a100000, 0x000000008a100000, 0x000000008a200000|  0%| F|  |TAMS 0x000000008a100000| PB 0x000000008a100000| Untracked 
| 120|0x000000008a200000, 0x000000008a200000, 0x000000008a300000|  0%| F|  |TAMS 0x000000008a200000| PB 0x000000008a200000| Untracked 
| 121|0x000000008a300000, 0x000000008a300000, 0x000000008a400000|  0%| F|  |TAMS 0x000000008a300000| PB 0x000000008a300000| Untracked 
| 122|0x000000008a400000, 0x000000008a485aa8, 0x000000008a500000| 52%| E|  |TAMS 0x000000008a400000| PB 0x000000008a400000| Complete 
| 123|0x000000008a500000, 0x000000008a600000, 0x000000008a600000|100%| E|CS|TAMS 0x000000008a500000| PB 0x000000008a500000| Complete 
| 124|0x000000008a600000, 0x000000008a700000, 0x000000008a700000|100%| E|CS|TAMS 0x000000008a600000| PB 0x000000008a600000| Complete 
| 125|0x000000008a700000, 0x000000008a800000, 0x000000008a800000|100%| E|CS|TAMS 0x000000008a700000| PB 0x000000008a700000| Complete 

Card table byte_map: [0x000001d063ea0000,0x000001d064290000] _byte_map_base: 0x000001d063a8b000

Marking Bits: (CMBitMap*) 0x000001d04c69ab70
 Bits: [0x000001d064290000, 0x000001d0661e8000)

Polling page: 0x000001d04a5d0000

Metaspace:

Usage:
  Non-class:      2.19 MB used.
      Class:    250.83 KB used.
       Both:      2.44 MB used.

Virtual space:
  Non-class space:       64.00 MB reserved,       2.25 MB (  4%) committed,  1 nodes.
      Class space:        1.00 GB reserved,     320.00 KB ( <1%) committed,  1 nodes.
             Both:        1.06 GB reserved,       2.56 MB ( <1%) committed. 

Chunk freelists:
   Non-Class:  11.91 MB
       Class:  15.70 MB
        Both:  27.60 MB

MaxMetaspaceSize: unlimited
CompressedClassSpaceSize: 1.00 GB
Initial GC threshold: 21.00 MB
Current GC threshold: 21.00 MB
CDS: on
 - commit_granule_bytes: 65536.
 - commit_granule_words: 8192.
 - virtual_space_node_default_size: 8388608.
 - enlarge_chunks_in_place: 1.
 - use_allocation_guard: 0.


Internal statistics:

num_allocs_failed_limit: 0.
num_arena_births: 84.
num_arena_deaths: 0.
num_vsnodes_births: 2.
num_vsnodes_deaths: 0.
num_space_committed: 41.
num_space_uncommitted: 0.
num_chunks_returned_to_freelist: 0.
num_chunks_taken_from_freelist: 102.
num_chunk_merges: 0.
num_chunk_splits: 61.
num_chunks_enlarged: 21.
num_inconsistent_stats: 0.

CodeHeap 'non-profiled nmethods': size=120000Kb used=135Kb max_used=135Kb free=119864Kb
 bounds [0x000001d05c580000, 0x000001d05c7f0000, 0x000001d063ab0000]
CodeHeap 'profiled nmethods': size=120000Kb used=529Kb max_used=529Kb free=119471Kb
 bounds [0x000001d054ab0000, 0x000001d054d20000, 0x000001d05bfe0000]
CodeHeap 'non-nmethods': size=5760Kb used=1351Kb max_used=1351Kb free=4408Kb
 bounds [0x000001d05bfe0000, 0x000001d05c250000, 0x000001d05c580000]
 total_blobs=854 nmethods=396 adapters=363
 compilation: enabled
              stopped_count=0, restarted_count=0
 full_count=0

Compilation events (20 events):
Event: 0.899 Thread 0x000001d068725e10 nmethod 385 0x000001d054b30490 code [0x000001d054b30640, 0x000001d054b30850]
Event: 0.899 Thread 0x000001d068725e10  386       1       java.util.ArrayList::size (5 bytes)
Event: 0.899 Thread 0x000001d068725e10 nmethod 386 0x000001d05c5a1010 code [0x000001d05c5a11a0, 0x000001d05c5a1268]
Event: 0.899 Thread 0x000001d068725e10  387       3       java.lang.invoke.LambdaFormBuffer::ownedCount (7 bytes)
Event: 0.900 Thread 0x000001d068725e10 nmethod 387 0x000001d054b30990 code [0x000001d054b30b20, 0x000001d054b30c30]
Event: 0.902 Thread 0x000001d068725e10  388       3       java.lang.invoke.MemberName$Factory::resolveOrFail (79 bytes)
Event: 0.904 Thread 0x000001d068725e10 nmethod 388 0x000001d054b30c90 code [0x000001d054b30ec0, 0x000001d054b31628]
Event: 0.904 Thread 0x000001d068725e10  390       3       jdk.internal.org.objectweb.asm.ByteVector::<init> (13 bytes)
Event: 0.904 Thread 0x000001d068725e10 nmethod 390 0x000001d054b31890 code [0x000001d054b31a40, 0x000001d054b31ca8]
Event: 0.904 Thread 0x000001d068725e10  391       1       jdk.internal.org.objectweb.asm.SymbolTable::getMajorVersion (5 bytes)
Event: 0.904 Thread 0x000001d068725e10 nmethod 391 0x000001d05c5a1310 code [0x000001d05c5a14a0, 0x000001d05c5a1568]
Event: 0.904 Thread 0x000001d068725e10  389       1       java.lang.invoke.DirectMethodHandle::internalMemberName (5 bytes)
Event: 0.904 Thread 0x000001d068725e10 nmethod 389 0x000001d05c5a1610 code [0x000001d05c5a17a0, 0x000001d05c5a1868]
Event: 0.906 Thread 0x000001d068725e10  394       3       java.lang.invoke.MethodTypeForm::canonicalizeAll (63 bytes)
Event: 0.907 Thread 0x000001d068725e10 nmethod 394 0x000001d054b31d90 code [0x000001d054b31f80, 0x000001d054b325c8]
Event: 0.907 Thread 0x000001d068725e10  395       3       java.lang.invoke.LambdaForm$Name::<init> (19 bytes)
Event: 0.908 Thread 0x000001d068725e10 nmethod 395 0x000001d054b32790 code [0x000001d054b329c0, 0x000001d054b33070]
Event: 0.908 Thread 0x000001d068725e10  397       3       jdk.internal.org.objectweb.asm.SymbolTable::addConstantMemberReference (147 bytes)
Event: 0.908 Thread 0x000001d068725e10 nmethod 397 0x000001d054b33390 code [0x000001d054b33620, 0x000001d054b33ee0]
Event: 0.908 Thread 0x000001d068725e10  396       3       java.lang.invoke.InvokerBytecodeGenerator::getInternalName (103 bytes)

GC Heap History (0 events):
No events

Dll operation events (7 events):
Event: 0.031 Loaded shared library D:\Documents\CompLang\Java\JDK\bin\java.dll
Event: 0.256 Loaded shared library D:\Documents\CompLang\Java\JDK\bin\jsvml.dll
Event: 0.637 Loaded shared library D:\Documents\CompLang\Java\JDK\bin\net.dll
Event: 0.641 Loaded shared library D:\Documents\CompLang\Java\JDK\bin\nio.dll
Event: 0.696 Loaded shared library D:\Documents\CompLang\Java\JDK\bin\zip.dll
Event: 0.754 Loaded shared library D:\Documents\CompLang\Java\JDK\bin\jimage.dll
Event: 0.808 Loaded shared library D:\Documents\CompLang\Java\JDK\bin\awt.dll

Deoptimization events (0 events):
No events

Classes loaded (20 events):
Event: 0.896 Loading class sun/java2d/pipe/AATextRenderer
Event: 0.897 Loading class sun/java2d/pipe/GlyphListLoopPipe
Event: 0.897 Loading class sun/java2d/pipe/GlyphListPipe
Event: 0.897 Loading class sun/java2d/pipe/GlyphListPipe done
Event: 0.897 Loading class sun/java2d/pipe/GlyphListLoopPipe done
Event: 0.897 Loading class sun/java2d/pipe/AATextRenderer done
Event: 0.897 Loading class sun/font/FontUtilities
Event: 0.897 Loading class sun/font/FontUtilities done
Event: 0.897 Loading class sun/font/FontUtilities$1
Event: 0.897 Loading class sun/font/FontUtilities$1 done
Event: 0.897 Loading class sun/awt/OSInfo
Event: 0.897 Loading class sun/awt/OSInfo done
Event: 0.897 Loading class sun/awt/OSInfo$WindowsVersion
Event: 0.897 Loading class sun/awt/OSInfo$WindowsVersion done
Event: 0.897 Loading class jdk/internal/util/OperatingSystem
Event: 0.897 Loading class jdk/internal/util/OperatingSystem done
Event: 0.897 Loading class sun/awt/OSInfo$1
Event: 0.897 Loading class sun/awt/OSInfo$1 done
Event: 0.897 Loading class sun/awt/OSInfo$OSType
Event: 0.897 Loading class sun/awt/OSInfo$OSType done

Classes unloaded (0 events):
No events

Classes redefined (0 events):
No events

Internal exceptions (6 events):
Event: 0.643 Thread 0x000001d04a465c10 Exception <a 'sun/nio/fs/WindowsException'{0x000000008a63f118}> (0x000000008a63f118) 
thrown [s\open\src\hotspot\share\prims\jni.cpp, line 520]
Event: 0.645 Thread 0x000001d04a465c10 Exception <a 'sun/nio/fs/WindowsException'{0x000000008a641738}> (0x000000008a641738) 
thrown [s\open\src\hotspot\share\prims\jni.cpp, line 520]
Event: 0.646 Thread 0x000001d04a465c10 Exception <a 'sun/nio/fs/WindowsException'{0x000000008a642298}> (0x000000008a642298) 
thrown [s\open\src\hotspot\share\prims\jni.cpp, line 520]
Event: 0.769 Thread 0x000001d04a465c10 Exception <a 'java/lang/ClassNotFoundException'{0x000000008a59c050}: sun/awt/resources/spi/awtProvider> (0x000000008a59c050) 
thrown [s\open\src\hotspot\share\classfile\systemDictionary.cpp, line 312]
Event: 0.832 Thread 0x000001d04a465c10 Exception <a 'java/io/FileNotFoundException'{0x000000008a5f11e0}> (0x000000008a5f11e0) 
thrown [s\open\src\hotspot\share\prims\jni.cpp, line 520]
Event: 0.840 Thread 0x000001d04a465c10 Exception <a 'java/io/FileNotFoundException'{0x000000008a41b750}> (0x000000008a41b750) 
thrown [s\open\src\hotspot\share\prims\jni.cpp, line 520]

ZGC Phase Switch (0 events):
No events

VM Operations (4 events):
Event: 0.651 Executing VM operation: HandshakeAllThreads (Deoptimize)
Event: 0.651 Executing VM operation: HandshakeAllThreads (Deoptimize) done
Event: 0.851 Executing VM operation: HandshakeAllThreads (Deoptimize)
Event: 0.851 Executing VM operation: HandshakeAllThreads (Deoptimize) done

Events (11 events):
Event: 0.153 Thread 0x000001d04a465c10 Thread added: 0x000001d04a465c10
Event: 0.253 Thread 0x000001d0686b2430 Thread added: 0x000001d0686b2430
Event: 0.253 Thread 0x000001d0686b4050 Thread added: 0x000001d0686b4050
Event: 0.254 Thread 0x000001d0686b65f0 Thread added: 0x000001d0686b65f0
Event: 0.254 Thread 0x000001d0686b7050 Thread added: 0x000001d0686b7050
Event: 0.254 Thread 0x000001d0686b7ab0 Thread added: 0x000001d0686b7ab0
Event: 0.254 Thread 0x000001d0686b8510 Thread added: 0x000001d0686b8510
Event: 0.254 Thread 0x000001d0686bd2c0 Thread added: 0x000001d0686bd2c0
Event: 0.321 Thread 0x000001d068725e10 Thread added: 0x000001d068725e10
Event: 0.395 Thread 0x000001d06867c9b0 Thread added: 0x000001d06867c9b0
Event: 0.688 Thread 0x000001d0689c7aa0 Thread added: 0x000001d0689c7aa0


Dynamic libraries:
0x00007ff6f9430000 - 0x00007ff6f9440000 	D:\Documents\CompLang\Java\JDK\bin\java.exe
0x00007ffb0fdd0000 - 0x00007ffb0ffe6000 	C:\WINDOWS\SYSTEM32\ntdll.dll
0x00007ffb0eb20000 - 0x00007ffb0ebe4000 	C:\WINDOWS\System32\KERNEL32.DLL
0x00007ffb0d3c0000 - 0x00007ffb0d766000 	C:\WINDOWS\System32\KERNELBASE.dll
0x00007ffb0d2a0000 - 0x00007ffb0d3b1000 	C:\WINDOWS\System32\ucrtbase.dll
0x00007ffb022a0000 - 0x00007ffb022b9000 	D:\Documents\CompLang\Java\JDK\bin\jli.dll
0x00007ffb0f6c0000 - 0x00007ffb0f772000 	C:\WINDOWS\System32\ADVAPI32.dll
0x00007ffb0e0e0000 - 0x00007ffb0e187000 	C:\WINDOWS\System32\msvcrt.dll
0x00007ffb0f880000 - 0x00007ffb0f928000 	C:\WINDOWS\System32\sechost.dll
0x00007ffb0da70000 - 0x00007ffb0da98000 	C:\WINDOWS\System32\bcrypt.dll
0x00007ffb0e350000 - 0x00007ffb0e465000 	C:\WINDOWS\System32\RPCRT4.dll
0x00007ffb0e480000 - 0x00007ffb0e62d000 	C:\WINDOWS\System32\USER32.dll
0x00007ffb0d770000 - 0x00007ffb0d796000 	C:\WINDOWS\System32\win32u.dll
0x00007ffb0f930000 - 0x00007ffb0f959000 	C:\WINDOWS\System32\GDI32.dll
0x00007ffb0d180000 - 0x00007ffb0d298000 	C:\WINDOWS\System32\gdi32full.dll
0x00007ffb0d860000 - 0x00007ffb0d8fa000 	C:\WINDOWS\System32\msvcp_win.dll
0x00007ffaeac90000 - 0x00007ffaeacab000 	D:\Documents\CompLang\Java\JDK\bin\VCRUNTIME140.dll
0x00007ffaed630000 - 0x00007ffaed8c3000 	C:\WINDOWS\WinSxS\amd64_microsoft.windows.common-controls_6595b64144ccf1df_6.0.22621.3235_none_270f74e173860f98\COMCTL32.dll
0x00007ffb058a0000 - 0x00007ffb058aa000 	C:\WINDOWS\SYSTEM32\VERSION.dll
0x00007ffb0e0a0000 - 0x00007ffb0e0d1000 	C:\WINDOWS\System32\IMM32.DLL
0x00007ffaeb6c0000 - 0x00007ffaeb6cc000 	D:\Documents\CompLang\Java\JDK\bin\vcruntime140_1.dll
0x00007ffae4c00000 - 0x00007ffae4c8e000 	D:\Documents\CompLang\Java\JDK\bin\msvcp140.dll
0x00007ffac55b0000 - 0x00007ffac62c7000 	D:\Documents\CompLang\Java\JDK\bin\server\jvm.dll
0x00007ffb0dc30000 - 0x00007ffb0dca1000 	C:\WINDOWS\System32\WS2_32.dll
0x00007ffb0c920000 - 0x00007ffb0c96d000 	C:\WINDOWS\SYSTEM32\POWRPROF.dll
0x00007ffaf0b60000 - 0x00007ffaf0b94000 	C:\WINDOWS\SYSTEM32\WINMM.dll
0x00007ffb0c8a0000 - 0x00007ffb0c8b3000 	C:\WINDOWS\SYSTEM32\UMPDC.dll
0x00007ffb0c150000 - 0x00007ffb0c168000 	C:\WINDOWS\SYSTEM32\kernel.appcore.dll
0x00007ffaeb130000 - 0x00007ffaeb13a000 	D:\Documents\CompLang\Java\JDK\bin\jimage.dll
0x00007ffaecc20000 - 0x00007ffaece53000 	C:\WINDOWS\SYSTEM32\DBGHELP.DLL
0x00007ffb0dcb0000 - 0x00007ffb0e038000 	C:\WINDOWS\System32\combase.dll
0x00007ffb0ecc0000 - 0x00007ffb0ed97000 	C:\WINDOWS\System32\OLEAUT32.dll
0x00007ffaec8a0000 - 0x00007ffaec8d2000 	C:\WINDOWS\SYSTEM32\dbgcore.DLL
0x00007ffb0daa0000 - 0x00007ffb0db1a000 	C:\WINDOWS\System32\bcryptPrimitives.dll
0x00007ffaeac30000 - 0x00007ffaeac4f000 	D:\Documents\CompLang\Java\JDK\bin\java.dll
0x00007ffb0eda0000 - 0x00007ffb0f5fd000 	C:\WINDOWS\System32\SHELL32.dll
0x00007ffb0b070000 - 0x00007ffb0b968000 	C:\WINDOWS\SYSTEM32\windows.storage.dll
0x00007ffb0af30000 - 0x00007ffb0b06e000 	C:\WINDOWS\SYSTEM32\wintypes.dll
0x00007ffb0f780000 - 0x00007ffb0f873000 	C:\WINDOWS\System32\SHCORE.dll
0x00007ffb0e630000 - 0x00007ffb0e68e000 	C:\WINDOWS\System32\shlwapi.dll
0x00007ffb0d040000 - 0x00007ffb0d066000 	C:\WINDOWS\SYSTEM32\profapi.dll
0x00007ffae4e40000 - 0x00007ffae4f17000 	D:\Documents\CompLang\Java\JDK\bin\jsvml.dll
0x00007ffaeadf0000 - 0x00007ffaeae00000 	D:\Documents\CompLang\Java\JDK\bin\net.dll
0x00007ffb06830000 - 0x00007ffb06967000 	C:\WINDOWS\SYSTEM32\WINHTTP.dll
0x00007ffb0c640000 - 0x00007ffb0c6a9000 	C:\WINDOWS\system32\mswsock.dll
0x00007ffaea8c0000 - 0x00007ffaea8d6000 	D:\Documents\CompLang\Java\JDK\bin\nio.dll
0x00007ffae4e20000 - 0x00007ffae4e38000 	D:\Documents\CompLang\Java\JDK\bin\zip.dll
0x00007ffae4c90000 - 0x00007ffae4e1f000 	D:\Documents\CompLang\Java\JDK\bin\awt.dll
0x00007ffb0a500000 - 0x00007ffb0a597000 	C:\WINDOWS\SYSTEM32\apphelp.dll

dbghelp: loaded successfully - version: 4.0.5 - missing functions: none
symbol engine: initialized successfully - sym options: 0x614 - pdb path: .;D:\Documents\CompLang\Java\JDK\bin;C:\WINDOWS\SYSTEM32;C:\WINDOWS\WinSxS\amd64_microsoft.windows.common-controls_6595b64144ccf1df_6.0.22621.3235_none_270f74e173860f98;D:\Documents\CompLang\Java\JDK\bin\server

VM Arguments:
jvm_args: -Dfile.encoding=UTF-8 --module-path=D:\Documents\CompLang\MyProjects\NetBeanProjects\bank management system\build\classes 
java_command: bank.management.system.SignupTwo
java_class_path (initial): D:\Documents\CompLang\Java\JCalender\lib\jcalendar-1.4.jar;D:\Documents\CompLang\Java\sqlConnector\mysql-connector-j-8.3.0\mysql-connector-j-8.3.0.jar;D:\Documents\CompLang\MyProjects\NetBeanProjects\bank management system\build\classes
Launcher Type: SUN_STANDARD

[Global flags]
     intx CICompilerCount                          = 3                                         {product} {ergonomic}
     uint ConcGCThreads                            = 1                                         {product} {ergonomic}
     uint G1ConcRefinementThreads                  = 4                                         {product} {ergonomic}
   size_t G1HeapRegionSize                         = 1048576                                   {product} {ergonomic}
    uintx GCDrainStackTargetSize                   = 64                                        {product} {ergonomic}
   size_t InitialHeapSize                          = 132120576                                 {product} {ergonomic}
   size_t MarkStackSize                            = 4194304                                   {product} {ergonomic}
   size_t MaxHeapSize                              = 2103443456                                {product} {ergonomic}
   size_t MaxNewSize                               = 1261436928                                {product} {ergonomic}
   size_t MinHeapDeltaBytes                        = 1048576                                   {product} {ergonomic}
   size_t MinHeapSize                              = 8388608                                   {product} {ergonomic}
    uintx NonNMethodCodeHeapSize                   = 5832780                                {pd product} {ergonomic}
    uintx NonProfiledCodeHeapSize                  = 122912730                              {pd product} {ergonomic}
    uintx ProfiledCodeHeapSize                     = 122912730                              {pd product} {ergonomic}
    uintx ReservedCodeCacheSize                    = 251658240                              {pd product} {ergonomic}
     bool SegmentedCodeCache                       = true                                      {product} {ergonomic}
   size_t SoftMaxHeapSize                          = 2103443456                             {manageable} {ergonomic}
     bool UseCompressedOops                        = true                           {product lp64_product} {ergonomic}
     bool UseG1GC                                  = true                                      {product} {ergonomic}
     bool UseLargePagesIndividualAllocation        = false                                  {pd product} {ergonomic}

Logging:
Log output configuration:
 #0: stdout all=warning uptime,level,tags foldmultilines=false
 #1: stderr all=off uptime,level,tags foldmultilines=false

Environment Variables:
PATH=C:\Program Files\Common Files\Oracle\Java\javapath;C:\WINDOWS\system32;C:\WINDOWS;C:\WINDOWS\System32\Wbem;C:\WINDOWS\System32\WindowsPowerShell\v1.0\;C:\WINDOWS\System32\OpenSSH\;D:\Program Files\Git\Git\cmd;D:\Documents\CompLang\NodeJS\;C:\Program Files\MySQL\MySQL Shell 8.0\bin\;C:\Users\ibaba\AppData\Local\Microsoft\WindowsApps;;C:\Users\ibaba\AppData\Local\Programs\Microsoft VS Code\bin;C:\Users\ibaba\AppData\Roaming\npm
USERNAME=ibaba
OS=Windows_NT
PROCESSOR_IDENTIFIER=Intel64 Family 6 Model 158 Stepping 11, GenuineIntel
TMP=C:\Users\ibaba\AppData\Local\Temp
TEMP=C:\Users\ibaba\AppData\Local\Temp




Periodic native trim disabled

---------------  S Y S T E M  ---------------

OS:
 Windows 11 , 64 bit Build 22621 (10.0.22621.3235)
OS uptime: 3 days 22:12 hours

CPU: total 4 (initial active 4) (4 cores per cpu, 1 threads per core) family 6 model 158 stepping 11 microcode 0xea, cx8, cmov, fxsr, mmx, 3dnowpref, sse, sse2, sse3, ssse3, sse4.1, sse4.2, popcnt, lzcnt, tsc, tscinvbit, avx, avx2, aes, erms, clmul, bmi1, bmi2, adx, fma, vzeroupper, clflush, clflushopt, rdtscp, f16c
Processor Information for all 4 processors :
  Max Mhz: 3600, Current Mhz: 3600, Mhz Limit: 3600

Memory: 4k page, system-wide physical 8019M (468M free)
TotalPageFile size 23124M (AvailPageFile size 2M)
current process WorkingSet (physical memory assigned to process): 43M, peak: 43M
current process commit charge ("private bytes"): 202M, peak: 202M

vm_info: Java HotSpot(TM) 64-Bit Server VM (21.0.2+13-LTS-58) for windows-amd64 JRE (21.0.2+13-LTS-58), built on 2024-01-05T18:32:24Z by "mach5one" with MS VC++ 17.1 (VS2022)

END.
