#
# There is insufficient memory for the Java Runtime Environment to continue.
# Native memory allocation (mmap) failed to map 132120576 bytes for G1 virtual space
# Possible reasons:
#   The system is out of physical RAM or swap space
#   The process is running with CompressedOops enabled, and the Java Heap may be blocking the growth of the native heap
# Possible solutions:
#   Reduce memory load on the system
#   Increase physical memory or swap space
#   Check if swap backing store is full
#   Decrease Java heap size (-Xmx/-Xms)
#   Decrease number of Java threads
#   Decrease Java thread stack sizes (-Xss)
#   Set larger code cache with -XX:ReservedCodeCacheSize=
#   JVM is running with Unscaled Compressed Oops mode in which the Java heap is
#     placed in the first 4GB address space. The Java Heap base address is the
#     maximum limit for the native heap growth. Please use -XX:HeapBaseMinAddress
#     to set the Java Heap base and to place the Java Heap above 4GB virtual address.
# This output file may be truncated or incomplete.
#
#  Out of Memory Error (os_windows.cpp:3600), pid=31360, tid=9464
#
# JRE version:  (21.0.2+13) (build )
# Java VM: Java HotSpot(TM) 64-Bit Server VM (21.0.2+13-LTS-58, mixed mode, sharing, tiered, compressed oops, compressed class ptrs, g1 gc, windows-amd64)
# No core dump will be written. Minidumps are not enabled by default on client versions of Windows
#

---------------  S U M M A R Y ------------

Command Line: -Dfile.encoding=UTF-8 --module-path=D:\Documents\CompLang\MyProjects\NetBeanProjects\bank management system\build\classes bank.management.system.SignupThree

Host: Intel(R) Core(TM) i3-8100 CPU @ 3.60GHz, 4 cores, 7G,  Windows 11 , 64 bit Build 22621 (10.0.22621.3235)
Time: Fri Mar 22 02:52:20 2024 Central Daylight Time elapsed time: 0.013867 seconds (0d 0h 0m 0s)

---------------  T H R E A D  ---------------

Current thread (0x00000256fd6fc010):  JavaThread "Unknown thread" [_thread_in_vm, id=9464, stack(0x0000008e81400000,0x0000008e81500000) (1024K)]

Stack: [0x0000008e81400000,0x0000008e81500000]
Native frames: (J=compiled Java code, j=interpreted, Vv=VM code, C=native code)
V  [jvm.dll+0x6cade9]
V  [jvm.dll+0x8569c1]
V  [jvm.dll+0x858d2e]
V  [jvm.dll+0x859413]
V  [jvm.dll+0x280e56]
V  [jvm.dll+0x6c74d5]
V  [jvm.dll+0x6bbeca]
V  [jvm.dll+0x355bca]
V  [jvm.dll+0x35d816]
V  [jvm.dll+0x3ae67e]
V  [jvm.dll+0x3ae928]
V  [jvm.dll+0x3295dc]
V  [jvm.dll+0x32a16b]
V  [jvm.dll+0x81efa9]
V  [jvm.dll+0x3bba01]
V  [jvm.dll+0x807928]
V  [jvm.dll+0x44f50e]
V  [jvm.dll+0x450e11]
C  [jli.dll+0x52a3]
C  [ucrtbase.dll+0x29363]
C  [KERNEL32.DLL+0x1257d]
C  [ntdll.dll+0x5aa58]


---------------  P R O C E S S  ---------------

Threads class SMR info:
_java_thread_list=0x00007ffc921fbb88, length=0, elements={
}

Java Threads: ( => current thread )
Total: 0

Other Threads:
  0x00000256ffa5b920 WorkerThread "GC Thread#0"                     [id=29680, stack(0x0000008e81500000,0x0000008e81600000) (1024K)]
  0x00000256ffa6cc90 ConcurrentGCThread "G1 Main Marker"            [id=34332, stack(0x0000008e81600000,0x0000008e81700000) (1024K)]
  0x00000256ffa6de40 WorkerThread "G1 Conc#0"                       [id=22980, stack(0x0000008e81700000,0x0000008e81800000) (1024K)]

[error occurred during error reporting (printing all threads), id 0xc0000005, EXCEPTION_ACCESS_VIOLATION (0xc0000005) at pc=0x00007ffc9196c6a7]
VM state: not at safepoint (not fully initialized)

VM Mutex/Monitor currently owned by a thread:  ([mutex/lock_event])
[0x00007ffc9226ce68] Heap_lock - owner thread: 0x00000256fd6fc010

Heap address: 0x0000000082a00000, size: 2006 MB, Compressed Oops mode: 32-bit

CDS archive(s) mapped at: [0x0000000000000000-0x0000000000000000-0x0000000000000000), size 0, SharedBaseAddress: 0x0000000800000000, ArchiveRelocationMode: 1.
Narrow klass base: 0x0000000000000000, Narrow klass shift: 0, Narrow klass range: 0x0

GC Precious Log:
 CardTable entry size: 512
 Card Set container configuration: InlinePtr #cards 5 size 8 Array Of Cards #cards 12 size 40 Howl #buckets 4 coarsen threshold 1843 Howl Bitmap #cards 512 size 80 coarsen threshold 460 Card regions per heap region 1 cards per card region 2048

Heap:
 garbage-first heap   total 0K, used 0K [0x0000000082a00000, 0x0000000100000000)
  region size 1024K, 0 young (0K), 0 survivors (0K)

[error occurred during error reporting (printing heap information), id 0xc0000005, EXCEPTION_ACCESS_VIOLATION (0xc0000005) at pc=0x00007ffc91d539f9]
GC Heap History (0 events):
No events

Dll operation events (1 events):
Event: 0.009 Loaded shared library D:\Documents\CompLang\Java\JDK\bin\java.dll

Deoptimization events (0 events):
No events

Classes loaded (0 events):
No events

Classes unloaded (0 events):
No events

Classes redefined (0 events):
No events

Internal exceptions (0 events):
No events

ZGC Phase Switch (0 events):
No events

VM Operations (0 events):
No events

Events (0 events):
No events


Dynamic libraries:
0x00007ff740d00000 - 0x00007ff740d10000 	D:\Documents\CompLang\Java\JDK\bin\java.exe
0x00007ffd36ab0000 - 0x00007ffd36cc6000 	C:\WINDOWS\SYSTEM32\ntdll.dll
0x00007ffd35e20000 - 0x00007ffd35ee4000 	C:\WINDOWS\System32\KERNEL32.DLL
0x00007ffd34190000 - 0x00007ffd34536000 	C:\WINDOWS\System32\KERNELBASE.dll
0x00007ffd33df0000 - 0x00007ffd33f01000 	C:\WINDOWS\System32\ucrtbase.dll
0x00007ffd2f1a0000 - 0x00007ffd2f1b9000 	D:\Documents\CompLang\Java\JDK\bin\jli.dll
0x00007ffd1c6a0000 - 0x00007ffd1c6bb000 	D:\Documents\CompLang\Java\JDK\bin\VCRUNTIME140.dll
0x00007ffd35400000 - 0x00007ffd354b2000 	C:\WINDOWS\System32\ADVAPI32.dll
0x00007ffd36750000 - 0x00007ffd367f7000 	C:\WINDOWS\System32\msvcrt.dll
0x00007ffd369c0000 - 0x00007ffd36a68000 	C:\WINDOWS\System32\sechost.dll
0x00007ffd34570000 - 0x00007ffd34598000 	C:\WINDOWS\System32\bcrypt.dll
0x00007ffd35c90000 - 0x00007ffd35da5000 	C:\WINDOWS\System32\RPCRT4.dll
0x00007ffd36800000 - 0x00007ffd369ad000 	C:\WINDOWS\System32\USER32.dll
0x00007ffd34540000 - 0x00007ffd34566000 	C:\WINDOWS\System32\win32u.dll
0x00007ffd35730000 - 0x00007ffd35759000 	C:\WINDOWS\System32\GDI32.dll
0x00007ffcfe900000 - 0x00007ffcfeb93000 	C:\WINDOWS\WinSxS\amd64_microsoft.windows.common-controls_6595b64144ccf1df_6.0.22621.3235_none_270f74e173860f98\COMCTL32.dll
0x00007ffd34620000 - 0x00007ffd34738000 	C:\WINDOWS\System32\gdi32full.dll
0x00007ffd33f10000 - 0x00007ffd33faa000 	C:\WINDOWS\System32\msvcp_win.dll
0x00007ffd2d410000 - 0x00007ffd2d41a000 	C:\WINDOWS\SYSTEM32\VERSION.dll
0x00007ffd35de0000 - 0x00007ffd35e11000 	C:\WINDOWS\System32\IMM32.DLL
0x00007ffd1b3c0000 - 0x00007ffd1b3cc000 	D:\Documents\CompLang\Java\JDK\bin\vcruntime140_1.dll
0x00007ffcc9340000 - 0x00007ffcc93ce000 	D:\Documents\CompLang\Java\JDK\bin\msvcp140.dll
0x00007ffc91630000 - 0x00007ffc92347000 	D:\Documents\CompLang\Java\JDK\bin\server\jvm.dll
0x00007ffd35a50000 - 0x00007ffd35ac1000 	C:\WINDOWS\System32\WS2_32.dll
0x00007ffd336a0000 - 0x00007ffd336ed000 	C:\WINDOWS\SYSTEM32\POWRPROF.dll
0x00007ffd19b90000 - 0x00007ffd19bc4000 	C:\WINDOWS\SYSTEM32\WINMM.dll
0x00007ffd33630000 - 0x00007ffd33643000 	C:\WINDOWS\SYSTEM32\UMPDC.dll
0x00007ffd32e30000 - 0x00007ffd32e48000 	C:\WINDOWS\SYSTEM32\kernel.appcore.dll
0x00007ffd18fd0000 - 0x00007ffd18fda000 	D:\Documents\CompLang\Java\JDK\bin\jimage.dll
0x00007ffd16e70000 - 0x00007ffd170a3000 	C:\WINDOWS\SYSTEM32\DBGHELP.DLL
0x00007ffd35070000 - 0x00007ffd353f8000 	C:\WINDOWS\System32\combase.dll
0x00007ffd34e00000 - 0x00007ffd34ed7000 	C:\WINDOWS\System32\OLEAUT32.dll
0x00007ffd16cc0000 - 0x00007ffd16cf2000 	C:\WINDOWS\SYSTEM32\dbgcore.DLL
0x00007ffd345a0000 - 0x00007ffd3461a000 	C:\WINDOWS\System32\bcryptPrimitives.dll
0x00007ffd05410000 - 0x00007ffd0542f000 	D:\Documents\CompLang\Java\JDK\bin\java.dll

dbghelp: loaded successfully - version: 4.0.5 - missing functions: none
symbol engine: initialized successfully - sym options: 0x614 - pdb path: .;D:\Documents\CompLang\Java\JDK\bin;C:\WINDOWS\SYSTEM32;C:\WINDOWS\WinSxS\amd64_microsoft.windows.common-controls_6595b64144ccf1df_6.0.22621.3235_none_270f74e173860f98;D:\Documents\CompLang\Java\JDK\bin\server

VM Arguments:
jvm_args: -Dfile.encoding=UTF-8 --module-path=D:\Documents\CompLang\MyProjects\NetBeanProjects\bank management system\build\classes 
java_command: bank.management.system.SignupThree
java_class_path (initial): D:\Documents\CompLang\Java\JCalender\lib\jcalendar-1.4.jar;D:\Documents\CompLang\Java\sqlConnector\mysql-connector-j-8.3.0\mysql-connector-j-8.3.0.jar;D:\Documents\CompLang\MyProjects\NetBeanProjects\bank management system\build\classes
Launcher Type: SUN_STANDARD

[Global flags]
     intx CICompilerCount                          = 3                                         {product} {ergonomic}
     uint ConcGCThreads                            = 1                                         {product} {ergonomic}
     uint G1ConcRefinementThreads                  = 4                                         {product} {ergonomic}
   size_t G1HeapRegionSize                         = 1048576                                   {product} {ergonomic}
    uintx GCDrainStackTargetSize                   = 64                                        {product} {ergonomic}
   size_t InitialHeapSize                          = 132120576                                 {product} {ergonomic}
   size_t MarkStackSize                            = 4194304                                   {product} {ergonomic}
   size_t MaxHeapSize                              = 2103443456                                {product} {ergonomic}
   size_t MinHeapDeltaBytes                        = 1048576                                   {product} {ergonomic}
   size_t MinHeapSize                              = 8388608                                   {product} {ergonomic}
    uintx NonNMethodCodeHeapSize                   = 5832780                                {pd product} {ergonomic}
    uintx NonProfiledCodeHeapSize                  = 122912730                              {pd product} {ergonomic}
    uintx ProfiledCodeHeapSize                     = 122912730                              {pd product} {ergonomic}
    uintx ReservedCodeCacheSize                    = 251658240                              {pd product} {ergonomic}
     bool SegmentedCodeCache                       = true                                      {product} {ergonomic}
   size_t SoftMaxHeapSize                          = 2103443456                             {manageable} {ergonomic}
     bool UseCompressedOops                        = true                           {product lp64_product} {ergonomic}
     bool UseG1GC                                  = true                                      {product} {ergonomic}
     bool UseLargePagesIndividualAllocation        = false                                  {pd product} {ergonomic}

Logging:
Log output configuration:
 #0: stdout all=warning uptime,level,tags foldmultilines=false
 #1: stderr all=off uptime,level,tags foldmultilines=false

Environment Variables:
PATH=C:\Program Files\Common Files\Oracle\Java\javapath;C:\WINDOWS\system32;C:\WINDOWS;C:\WINDOWS\System32\Wbem;C:\WINDOWS\System32\WindowsPowerShell\v1.0\;C:\WINDOWS\System32\OpenSSH\;D:\Program Files\Git\Git\cmd;D:\Documents\CompLang\NodeJS\;C:\Program Files\MySQL\MySQL Shell 8.0\bin\;C:\Users\ibaba\AppData\Local\Microsoft\WindowsApps;;C:\Users\ibaba\AppData\Roaming\npm;D:\Documents\CompLang\IDE'S\Microsoft VS Code\bin
USERNAME=ibaba
OS=Windows_NT
PROCESSOR_IDENTIFIER=Intel64 Family 6 Model 158 Stepping 11, GenuineIntel
TMP=C:\Users\ibaba\AppData\Local\Temp
TEMP=C:\Users\ibaba\AppData\Local\Temp




Periodic native trim disabled

---------------  S Y S T E M  ---------------

OS:
 Windows 11 , 64 bit Build 22621 (10.0.22621.3235)
OS uptime: 2 days 19:25 hours

CPU: total 4 (initial active 4) (4 cores per cpu, 1 threads per core) family 6 model 158 stepping 11 microcode 0xea, cx8, cmov, fxsr, mmx, 3dnowpref, sse, sse2, sse3, ssse3, sse4.1, sse4.2, popcnt, lzcnt, tsc, tscinvbit, avx, avx2, aes, erms, clmul, bmi1, bmi2, adx, fma, vzeroupper, clflush, clflushopt, rdtscp, f16c
Processor Information for all 4 processors :
  Max Mhz: 3600, Current Mhz: 3600, Mhz Limit: 3600

Memory: 4k page, system-wide physical 8019M (866M free)
TotalPageFile size 32595M (AvailPageFile size 81M)
current process WorkingSet (physical memory assigned to process): 11M, peak: 11M
current process commit charge ("private bytes"): 52M, peak: 178M

vm_info: Java HotSpot(TM) 64-Bit Server VM (21.0.2+13-LTS-58) for windows-amd64 JRE (21.0.2+13-LTS-58), built on 2024-01-05T18:32:24Z by "mach5one" with MS VC++ 17.1 (VS2022)

END.
